Initialized Job 100000
Initialized Job 200000
Initialized Job 300000
Initialized Job 400000
Initialized Job 500000
Initialized Job 600000
Initialized Job 700000
Initialized Job 800000
Initialized Job 900000
Initialized Job 1000000
Initialized Job 1100000
Initialized Job 1200000
Initialized Job 1300000
Initialized Job 1400000
Initialized Job 1500000
Initialized Job 1600000
Initialized Job 1700000
Initialized Job 1800000
Initialized Job 1900000
Initialized Job 2000000
Initialized Job 2100000
Initialized Job 2200000
Initialized Job 2300000
Initialized Job 2400000
Initialized Job 2500000
Initialized Job 2600000
Initialized Job 2700000
Initialized Job 2800000
Initialized Job 2900000
Initialized Job 3000000
Initialized Job 3100000
Initialized Job 3200000
Initialized Job 3300000
Initialized Job 3400000
Initialized Job 3500000
Initialized Job 3600000
Initialized Job 3700000
Initialized Job 3800000
Initialized Job 3900000
Initialized Job 4000000
Initialized Job 4100000
Initialized Job 4200000
Initialized Job 4300000
Initialized Job 4400000
Initialized Job 4500000
Initialized Job 4600000
Initialized Job 4700000
Initialized Job 4800000
Initialized Job 4900000
Initialized Job 5000000
Initialized Job 5100000
Initialized Job 5200000
Initialized Job 5300000
Initialized Job 5400000
Initialized Job 5500000
Initialized Job 5600000
Initialized Job 5700000
Initialized Job 5800000
Initialized Job 5900000
Initialized Job 6000000
Initialized Job 6100000
Initialized Job 6200000
Initialized Job 6300000
Initialized Job 6400000
Initialized Job 6500000
Initialized Job 6600000
Initialized Job 6700000
Initialized Job 6800000
Initialized Job 6900000
Initialized Job 7000000
Initialized Job 7100000
Initialized Job 7200000
Initialized Job 7300000
Initialized Job 7400000
Initialized Job 7500000
Initialized Job 7600000
Initialized Job 7700000
Initialized Job 7800000
Initialized Job 7900000
Initialized Job 8000000
Initialized Job 8100000
Initialized Job 8200000
Initialized Job 8300000
Initialized Job 8400000
Initialized Job 8500000
Initialized Job 8600000
Initialized Job 8700000
Initialized Job 8800000
Initialized Job 8900000
Initialized Job 9000000
Initialized Job 9100000
Initialized Job 9200000
Initialized Job 9300000
Initialized Job 9400000
Initialized Job 9500000
Initialized Job 9600000
Initialized Job 9700000
Initialized Job 9800000
Initialized Job 9900000
Initialized Job 10000000
Initialized Job 10100000
Initialized Job 10200000
Initialized Job 10300000
Initialized Job 10400000
Initialized Job 10500000
Initialized Job 10600000
Initialized Job 10700000
Initialized Job 10800000
Initialized Job 10900000
Initialized Job 11000000
Initialized Job 11100000
Initialized Job 11200000
Initialized Job 11300000
Initialized Job 11400000
Initialized Job 11500000
Initialized Job 11600000
Initialized Job 11700000
Initialized Job 11800000
Initialized Job 11900000
Initialized Job 12000000
Initialized Job 12100000
Initialized Job 12200000
Initialized Job 12300000
Initialized Job 12400000
Initialized Job 12500000
Initialized Job 12600000
Initialized Job 12700000
Initialized Job 12800000
Initialized Job 12900000
Initialized Job 13000000
Initialized Job 13100000
Initialized Job 13200000
Initialized Job 13300000
Initialized Job 13400000
Initialized Job 13500000
Initialized Job 13600000
Initialized Job 13700000
Initialized Job 13800000
Initialized Job 13900000
Initialized Job 14000000
Initialized Job 14100000
Initialized Job 14200000
Initialized Job 14300000
Initialized Job 14400000
Initialized Job 14500000
Initialized Job 14600000
Initialized Job 14700000
Initialized Job 14800000
Initialized Job 14900000
Initialized Job 15000000
Initialized Job 15100000
Initialized Job 15200000
Initialized Job 15300000
Initialized Job 15400000
Initialized Job 15500000
Initialized Job 15600000
Initialized Job 15700000
Initialized Job 15800000
Initialized Job 15900000
Initialized Job 16000000
Initialized Job 16100000
Initialized Job 16200000
Initialized Job 16300000
Initialized Job 16400000
Initialized Job 16500000
Initialized Job 16600000
Initialized Job 16700000
Initialized Job 16800000
Initialized Job 16900000
Initialized Job 17000000
Initialized Job 17100000
Initialized Job 17200000
Initialized Job 17300000
Initialized Job 17400000
Initialized Job 17500000
Initialized Job 17600000
Initialized Job 17700000
Initialized Job 17800000
Initialized Job 17900000
Initialized Job 18000000
Initialized Job 18100000
Initialized Job 18200000
Initialized Job 18300000
Initialized Job 18400000
Initialized Job 18500000
Initialized Job 18600000
Initialized Job 18700000
Initialized Job 18800000
Initialized Job 18900000
Initialized Job 19000000
Initialized Job 19100000
Initialized Job 19200000
Initialized Job 19300000
Initialized Job 19400000
Initialized Job 19500000
Initialized Job 19600000
Initialized Job 19700000
Initialized Job 19800000
Initialized Job 19900000
Initialized Job 20000000
Initialized Job 20100000
Initialized Job 20200000
Initialized Job 20300000
Initialized Job 20400000
Initialized Job 20500000
Initialized Job 20600000
Initialized Job 20700000
Initialized Job 20800000
Initialized Job 20900000
Initialized Job 21000000
Initialized Job 21100000
Initialized Job 21200000
Initialized Job 21300000
Initialized Job 21400000
Initialized Job 21500000
Initialized Job 21600000
Initialized Job 21700000
Initialized Job 21800000
Initialized Job 21900000
Initialized Job 22000000
Initialized Job 22100000
Initialized Job 22200000
Initialized Job 22300000
Initialized Job 22400000
Initialized Job 22500000
Initialized Job 22600000
Initialized Job 22700000
Initialized Job 22800000
Initialized Job 22900000
Initialized Job 23000000
Initialized Job 23100000
Initialized Job 23200000
Initialized Job 23300000
Initialized Job 23400000
Initialized Job 23500000
Initialized Job 23600000
Initialized Job 23700000
Initialized Job 23800000
Initialized Job 23900000
Initialized Job 24000000
Initialized Job 24100000
Initialized Job 24200000
Initialized Job 24300000
Initialized Job 24400000
Initialized Job 24500000
Initialized Job 24600000
Initialized Job 24700000
Initialized Job 24800000
Initialized Job 24900000
Initialized Job 25000000
Initialized Job 25100000
Initialized Job 25200000
Initialized Job 25300000
Initialized Job 25400000
Initialized Job 25500000
Initialized Job 25600000
Initialized Job 25700000
Initialized Job 25800000
Initialized Job 25900000
Initialized Job 26000000
Initialized Job 26100000
Initialized Job 26200000
Initialized Job 26300000
Initialized Job 26400000
Initialized Job 26500000
Initialized Job 26600000
Initialized Job 26700000
Initialized Job 26800000
Initialized Job 26900000
Initialized Job 27000000
Initialized Job 27100000
Initialized Job 27200000
Initialized Job 27300000
Initialized Job 27400000
Initialized Job 27500000
Initialized Job 27600000
Initialized Job 27700000
Initialized Job 27800000
Initialized Job 27900000
Initialized Job 28000000
Initialized Job 28100000
Initialized Job 28200000
Initialized Job 28300000
Initialized Job 28400000
Initialized Job 28500000
Initialized Job 28600000
Initialized Job 28700000
Initialized Job 28800000
Initialized Job 28900000
Initialized Job 29000000
Initialized Job 29100000
Initialized Job 29200000
Initialized Job 29300000
Initialized Job 29400000
Initialized Job 29500000
Initialized Job 29600000
Initialized Job 29700000
Initialized Job 29800000
Initialized Job 29900000
Initialized Job 30000000
Initialized Job 30100000
Initialized Job 30200000
Initialized Job 30300000
Initialized Job 30400000
Initialized Job 30500000
Initialized Job 30600000
Initialized Job 30700000
Initialized Job 30800000
Initialized Job 30900000
Initialized Job 31000000
Initialized Job 31100000
Initialized Job 31200000
Initialized Job 31300000
Initialized Job 31400000
Initialized Job 31500000
Initialized Job 31600000
Initialized Job 31700000
Initialized Job 31800000
Initialized Job 31900000
Initialized Job 32000000
Initialized Job 32100000
Initialized Job 32200000
Initialized Job 32300000
Initialized Job 32400000
Initialized Job 32500000
Initialized Job 32600000
Initialized Job 32700000
Initialized Job 32800000
Initialized Job 32900000
Initialized Job 33000000
Initialized Job 33100000
Initialized Job 33200000
Initialized Job 33300000
Initialized Job 33400000
Initialized Job 33500000
Initialized Job 33600000
Initialized Job 33700000
Initialized Job 33800000
Initialized Job 33900000
Initialized Job 34000000
Initialized Job 34100000
Initialized Job 34200000
Initialized Job 34300000
Initialized Job 34400000
Initialized Job 34500000
Initialized Job 34600000
Initialized Job 34700000
Initialized Job 34800000
Initialized Job 34900000
Initialized Job 35000000
Initialized Job 35100000
Initialized Job 35200000
Initialized Job 35300000
Initialized Job 35400000
Initialized Job 35500000
Initialized Job 35600000
Initialized Job 35700000
Initialized Job 35800000
Initialized Job 35900000
Initialized Job 36000000
Initialized Job 36100000
Initialized Job 36200000
Initialized Job 36300000
Initialized Job 36400000
Initialized Job 36500000
Initialized Job 36600000
Initialized Job 36700000
Initialized Job 36800000
Initialized Job 36900000
Initialized Job 37000000
Initialized Job 37100000
Initialized Job 37200000
Initialized Job 37300000
Initialized Job 37400000
Initialized Job 37500000
Initialized Job 37600000
Initialized Job 37700000
Initialized Job 37800000
Initialized Job 37900000
Initialized Job 38000000
Initialized Job 38100000
Initialized Job 38200000
Initialized Job 38300000
Initialized Job 38400000
Initialized Job 38500000
Initialized Job 38600000
Initialized Job 38700000
Initialized Job 38800000
Initialized Job 38900000
Initialized Job 39000000
Initialized Job 39100000
Initialized Job 39200000
Initialized Job 39300000
Initialized Job 39400000
Initialized Job 39500000
Initialized Job 39600000
Initialized Job 39700000
Initialized Job 39800000
Initialized Job 39900000
Initialized Job 40000000
Initialized Job 40100000
Initialized Job 40200000
Initialized Job 40300000
Initialized Job 40400000
Initialized Job 40500000
Initialized Job 40600000
Initialized Job 40700000
Initialized Job 40800000
Initialized Job 40900000
Initialized Job 41000000
Initialized Job 41100000
Initialized Job 41200000
Initialized Job 41300000
Initialized Job 41400000
Initialized Job 41500000
Initialized Job 41600000
Initialized Job 41700000
Initialized Job 41800000
Initialized Job 41900000
Initialized Job 42000000
Initialized Job 42100000
Initialized Job 42200000
Initialized Job 42300000
Initialized Job 42400000
Initialized Job 42500000
Util,300,0.665405,0.864454
Util,600,0.665405,0.864454
Util,900,0.665405,0.864454
Util,1200,0.653383,0.857613
Util,1500,0.651914,0.856003
Util,1800,0.647867,0.853054
Util,2100,0.644317,0.849492
Util,2400,0.642977,0.847607
Util,2700,0.642876,0.846982
Util,3000,0.683278,0.888874
Util,3300,0.680358,0.881939
Util,3600,0.680120,0.880564
Util,3900,0.680120,0.880564
Util,4200,0.680120,0.880564
Util,4500,0.679166,0.880283
Util,4800,0.679166,0.880283
Util,5100,0.679166,0.880283
Util,5400,0.679166,0.880283
Util,5700,0.679166,0.880283
Util,6000,0.697851,0.901255
Util,6300,0.696698,0.899755
Util,6600,0.695299,0.899193
Util,6900,0.695136,0.898818
Util,7200,0.694514,0.898193
Util,7500,0.694124,0.897682
Util,7800,0.694124,0.897682
Util,8100,0.694124,0.897682
Util,8400,0.692852,0.895182
Util,8700,0.699582,0.899619
Util,9000,0.698195,0.897681
Util,9300,0.697718,0.896431
Util,9600,0.697183,0.894927
Util,9900,0.697183,0.894927
Util,10200,0.696562,0.894302
Util,10500,0.696562,0.894302
Util,10800,0.696307,0.893959
Util,11100,0.696307,0.893959
Util,11400,0.696307,0.893959
Util,11700,0.696037,0.893705
Util,12000,0.696037,0.893705
Util,12300,0.696037,0.893705
Util,12600,0.696037,0.893705
Util,12900,0.694078,0.891454
Util,13200,0.694078,0.891454
Util,13500,0.694078,0.891454
Util,13800,0.693622,0.890944
Util,14100,0.693311,0.890563
Util,14400,0.693311,0.890563
Util,14700,0.693311,0.890563
Util,15000,0.693311,0.890563
Util,15300,0.693311,0.890563
Util,15600,0.693311,0.890563
Util,15900,0.704101,0.902410
Util,16200,0.703246,0.900222
Util,16500,0.701656,0.897097
Util,16800,0.701656,0.897097
Util,17100,0.701656,0.897097
Util,17400,0.701656,0.897097
Util,17700,0.701386,0.896844
Util,18000,0.701386,0.896844
Util,18300,0.701386,0.896844
Util,18600,0.701277,0.896781
Util,18900,0.701079,0.896156
Util,19200,0.701079,0.896156
Util,19500,0.701079,0.896156
Util,19800,0.701079,0.896156
Util,20100,0.701079,0.896156
Util,20400,0.701079,0.896156
Util,20700,0.701079,0.896156
Util,21000,0.701079,0.896156
Util,21300,0.701079,0.896156
Util,21600,0.701000,0.896031
Util,21900,0.701000,0.896031
Util,22200,0.701000,0.896031
Util,22500,0.701000,0.896031
Util,22800,0.700761,0.895719
Util,23100,0.700761,0.895719
Util,23400,0.700761,0.895719
Util,23700,0.700761,0.895719
Util,24000,0.700738,0.895656
Util,24300,0.700738,0.895656
Util,24600,0.700738,0.895656
Util,24900,0.700738,0.895656
Util,25200,0.699650,0.894406
Util,25500,0.699650,0.894406
Util,25800,0.699595,0.894281
Util,26100,0.699595,0.894281
Util,26400,0.699413,0.893312
Util,26700,0.699413,0.893312
Util,27000,0.699413,0.893312
Util,27300,0.699413,0.893312
Util,27600,0.699254,0.893062
Util,27900,0.699254,0.893062
Util,28200,0.699199,0.892937
Util,28500,0.699199,0.892937
Util,28800,0.699199,0.892937
Util,29100,0.649589,0.958486
Util,29400,0.628152,0.951436
Util,29700,0.621948,0.948061
Util,30000,0.621948,0.948061
Util,30300,0.621868,0.947936
Util,30600,0.621868,0.947936
Util,30900,0.621868,0.947936
Util,31200,0.621868,0.947936
Util,31500,0.621868,0.947936
Util,31800,0.621868,0.947936
Util,32100,0.621868,0.947936
Util,32400,0.621868,0.947936
Util,32700,0.621372,0.947624
Util,33000,0.621372,0.947624
Util,33300,0.621372,0.947624
Util,33600,0.621372,0.947624
Util,33900,0.621372,0.947624
Util,34200,0.621358,0.947561
Util,34500,0.621358,0.947561
Util,34800,0.621358,0.947561
Util,35100,0.621358,0.947561
Util,35400,0.621358,0.947561
Util,35700,0.629832,0.946809
Util,36000,0.627209,0.943517
Util,36300,0.627209,0.943517
Util,36600,0.627209,0.943517
Util,36900,0.627209,0.943517
Util,37200,0.627209,0.943517
Util,37500,0.626677,0.942892
Util,37800,0.637174,0.956150
Util,38100,0.632915,0.953337
Util,38400,0.636098,0.957013
Util,38700,0.632843,0.953144
Util,39000,0.632843,0.953144
Util,39300,0.632843,0.953144
Util,39600,0.632843,0.953144
Util,39900,0.641040,0.962557
Util,40200,0.637734,0.959463
Util,40500,0.637257,0.958682
Util,40800,0.636780,0.957900
Util,41100,0.635269,0.955713
Util,41400,0.633676,0.953057
Util,41700,0.632241,0.950495
Util,42000,0.631700,0.947995
Util,42300,0.631229,0.945807
Util,42600,0.633146,0.947845
Util,42900,0.639264,0.957232
Util,43200,0.646012,0.961157
Up,110,0.584358,0.871620,43200
Util,43500,0.584358,0.871620
Up,120,0.622541,0.896899,43500
Util,43800,0.622541,0.896899
Up,130,0.613719,0.899738,43800
Util,44100,0.613719,0.899738
Up,140,0.630713,0.901498,44100
Util,44400,0.630713,0.901498
Up,150,0.618787,0.895487,44400
Util,44700,0.618787,0.895487
Up,160,0.630256,0.906625,44700
Util,45000,0.630256,0.906625
Up,170,0.611241,0.887918,45000
Util,45300,0.611241,0.887918
Up,180,0.623764,0.904186,45300
Util,45600,0.623764,0.904186
Up,190,0.620580,0.903023,45600
Util,45900,0.620580,0.903023
Up,200,0.614373,0.898360,45900
Util,46200,0.614373,0.898360
Up,210,0.626124,0.909685,46200
Util,46500,0.626124,0.909685
Up,220,0.631736,0.916130,46500
Util,46800,0.631736,0.916130
Up,230,0.631851,0.919589,46800
Util,47100,0.631851,0.919589
Up,240,0.627162,0.908036,47100
Util,47400,0.627162,0.908036
Up,250,0.613676,0.895292,47400
Util,47700,0.613676,0.895292
Up,260,0.612175,0.892223,47700
Util,48000,0.612175,0.892223
Up,270,0.623368,0.908972,48000
Util,48300,0.623368,0.908972
Up,280,0.627194,0.909698,48300
Util,48600,0.627194,0.909698
Up,290,0.628709,0.914792,48600
Util,48900,0.628709,0.914792
Up,300,0.619630,0.904583,48900
Util,49200,0.619630,0.904583
Up,310,0.636559,0.927672,49200
Util,49500,0.636559,0.927672
Up,320,0.632896,0.926243,49500
Util,49800,0.632896,0.926243
Up,330,0.627830,0.921927,49800
Util,50100,0.627830,0.921927
Up,340,0.629424,0.924345,50100
Util,50400,0.629424,0.924345
Up,350,0.632370,0.928965,50400
Util,50700,0.632370,0.928965
Up,360,0.626691,0.923976,50700
Util,51000,0.626691,0.923976
Up,370,0.632059,0.931822,51000
Util,51300,0.632059,0.931822
Up,380,0.626552,0.923433,51300
Util,51600,0.626552,0.923433
Up,390,0.619542,0.916361,51600
Util,51900,0.619542,0.916361
Up,400,0.614147,0.910481,51900
Util,52200,0.614147,0.910481
Up,410,0.619802,0.919554,52200
Util,52500,0.619802,0.919554
Up,420,0.628368,0.925514,52500
Util,52800,0.628368,0.925514
Up,430,0.617915,0.913921,52800
Util,53100,0.617915,0.913921
Up,440,0.629389,0.926972,53100
Util,53400,0.629389,0.926972
Up,450,0.628884,0.929116,53400
Util,53700,0.628884,0.929116
Up,460,0.628971,0.928805,53700
Util,54000,0.628971,0.928805
Up,470,0.629585,0.930019,54000
Util,54300,0.629585,0.930019
Up,480,0.630412,0.931968,54300
Util,54600,0.630412,0.931968
Up,490,0.628262,0.931406,54600
Util,54900,0.628262,0.931406
Up,500,0.620964,0.922929,54900
Util,55200,0.620964,0.922929
Up,510,0.624870,0.925652,55200
Util,55500,0.624870,0.925652
Up,520,0.621577,0.921611,55500
Util,55800,0.621577,0.921611
Up,530,0.627642,0.927489,55800
Util,56100,0.627642,0.927489
Up,540,0.624651,0.927062,56100
Util,56400,0.624651,0.927062
Up,550,0.626720,0.929151,56400
Util,56700,0.626720,0.929151
Up,560,0.619968,0.922969,56700
Util,57000,0.619968,0.922969
Up,570,0.622831,0.926829,57000
Util,57300,0.622831,0.926829
Up,580,0.622476,0.927207,57300
Util,57600,0.622476,0.927207
Up,590,0.622290,0.925810,57600
Util,57900,0.622290,0.925810
Up,600,0.621229,0.925509,57900
Util,58200,0.621229,0.925509
Up,610,0.625032,0.928107,58200
Util,58500,0.625032,0.928107
Up,620,0.626630,0.928218,58500
Util,58800,0.626630,0.928218
Up,630,0.634047,0.938126,58800
Util,59100,0.634047,0.938126
Up,640,0.628930,0.933767,59100
Util,59400,0.628930,0.933767
Up,650,0.627547,0.931872,59400
Util,59700,0.627547,0.931872
Up,660,0.632613,0.938878,59700
Util,60000,0.632613,0.938878
Up,670,0.630012,0.936808,60000
Util,60300,0.630012,0.936808
Up,680,0.626436,0.932608,60300
Util,60600,0.626436,0.932608
Up,690,0.627366,0.931002,60600
Util,60900,0.627366,0.931002
Up,700,0.635982,0.942753,60900
Util,61200,0.635982,0.942753
Up,710,0.629279,0.935450,61200
Util,61500,0.629279,0.935450
Up,720,0.630109,0.936435,61500
Util,61800,0.630109,0.936435
Up,730,0.629183,0.932995,61800
Util,62100,0.629183,0.932995
Up,740,0.632730,0.937704,62100
Util,62400,0.632730,0.937704
Up,750,0.628350,0.934451,62400
Util,62700,0.628350,0.934451
Up,760,0.629799,0.931871,62700
Util,63000,0.629799,0.931871
Up,770,0.639901,0.945044,63000
Util,63300,0.639901,0.945044
Up,780,0.636490,0.941713,63300
Util,63600,0.636490,0.941713
Up,790,0.634155,0.937309,63600
Util,63900,0.634155,0.937309
Up,800,0.637409,0.940623,63900
Util,64200,0.637409,0.940623
Up,810,0.632191,0.931580,64200
Util,64500,0.632191,0.931580
Up,820,0.633034,0.933197,64500
Util,64800,0.633034,0.933197
Up,830,0.633925,0.934501,64800
Util,65100,0.633925,0.934501
Up,840,0.630475,0.930588,65100
Util,65400,0.630475,0.930588
Up,850,0.637700,0.938541,65400
Util,65700,0.637700,0.938541
Up,860,0.633500,0.934295,65700
Util,66000,0.633500,0.934295
Up,870,0.636200,0.936800,66000
Util,66300,0.636200,0.936800
Up,880,0.638992,0.940725,66300
Util,66600,0.638992,0.940725
Up,890,0.633631,0.934762,66600
Util,66900,0.633631,0.934762
Up,900,0.634553,0.934474,66900
Util,67200,0.634553,0.934474
Up,910,0.632875,0.932678,67200
Util,67500,0.632875,0.932678
Up,920,0.637576,0.939457,67500
Util,67800,0.637576,0.939457
Up,930,0.636488,0.938287,67800
Util,68100,0.636488,0.938287
Up,940,0.634805,0.936997,68100
Util,68400,0.634805,0.936997
Up,950,0.640583,0.941565,68400
Util,68700,0.640583,0.941565
Up,960,0.635832,0.938974,68700
Util,69000,0.635832,0.938974
Up,970,0.632636,0.934912,69000
Util,69300,0.632636,0.934912
Up,980,0.635566,0.939092,69300
Util,69600,0.635566,0.939092
Up,990,0.636258,0.940583,69600
Util,69900,0.636258,0.940583
Up,1000,0.635774,0.939541,69900
Util,70200,0.635774,0.939541
Up,1010,0.636837,0.941720,70200
Util,70500,0.636837,0.941720
Up,1020,0.637736,0.942977,70500
Util,70800,0.637736,0.942977
Up,1030,0.635099,0.940079,70800
Util,71100,0.635099,0.940079
Up,1040,0.635403,0.940231,71100
Util,71400,0.635403,0.940231
Up,1050,0.635783,0.940724,71400
Util,71700,0.635783,0.940724
Up,1060,0.636273,0.940395,71700
Util,72000,0.636273,0.940395
Up,1070,0.630892,0.936354,72000
Util,72300,0.630892,0.936354
Up,1080,0.634802,0.940738,72300
Util,72600,0.634802,0.940738
Up,1090,0.633105,0.939405,72600
Util,72900,0.633105,0.939405
Up,1100,0.631780,0.937966,72900
Util,73200,0.631780,0.937966
Up,1110,0.626167,0.924531,73200
Util,73500,0.626167,0.924531
Up,1120,0.633587,0.933162,73500
Util,73800,0.633587,0.933162
Up,1130,0.639886,0.942961,73800
Util,74100,0.639886,0.942961
Up,1140,0.634041,0.936319,74100
Util,74400,0.634041,0.936319
Up,1150,0.636088,0.938943,74400
Util,74700,0.636088,0.938943
Up,1160,0.638498,0.940410,74700
Util,75000,0.638498,0.940410
Up,1170,0.637122,0.941227,75000
Util,75300,0.637122,0.941227
Up,1180,0.635041,0.939185,75300
Util,75600,0.635041,0.939185
Up,1190,0.636834,0.940219,75600
Util,75900,0.636834,0.940219
Up,1200,0.635313,0.939219,75900
Util,76200,0.635313,0.939219
Up,1210,0.632920,0.936728,76200
Util,76500,0.632920,0.936728
Up,1220,0.636071,0.940462,76500
Util,76800,0.636071,0.940462
Up,1230,0.633719,0.937055,76800
Util,77100,0.633719,0.937055
Up,1240,0.632977,0.935869,77100
Util,77400,0.632977,0.935869
Up,1250,0.637379,0.940203,77400
Util,77700,0.637379,0.940203
Up,1260,0.637305,0.940212,77700
Util,78000,0.637305,0.940212
Up,1270,0.635829,0.937716,78000
Util,78300,0.635829,0.937716
Up,1280,0.635335,0.937754,78300
Util,78600,0.635335,0.937754
Up,1290,0.637213,0.938632,78600
Util,78900,0.637213,0.938632
Up,1300,0.637514,0.939808,78900
Util,79200,0.637514,0.939808
Up,1310,0.634695,0.937626,79200
Util,79500,0.634695,0.937626
Up,1320,0.636670,0.939967,79500
Util,79800,0.636670,0.939967
Up,1330,0.636112,0.938528,79800
Util,80100,0.636112,0.938528
Up,1340,0.637012,0.938576,80100
Util,80400,0.637012,0.938576
Up,1350,0.632415,0.934464,80400
Util,80700,0.632415,0.934464
Up,1360,0.633613,0.934883,80700
Util,81000,0.633613,0.934883
Up,1370,0.632294,0.934467,81000
Util,81300,0.632294,0.934467
Up,1380,0.628747,0.929262,81300
Util,81600,0.628747,0.929262
Up,1390,0.628587,0.929065,81600
Util,81900,0.628587,0.929065
Up,1400,0.625545,0.926813,81900
Util,82200,0.625545,0.926813
Up,1410,0.631478,0.933530,82200
Util,82500,0.631478,0.933530
Up,1420,0.629937,0.931121,82500
Util,82800,0.629937,0.931121
Up,1430,0.629763,0.931903,82800
Util,83100,0.629763,0.931903
Up,1440,0.629153,0.930749,83100
Util,83400,0.629153,0.930749
Up,1450,0.628751,0.930907,83400
Util,83700,0.628751,0.930907
Up,1460,0.629079,0.931771,83700
Util,84000,0.629079,0.931771
Up,1470,0.626634,0.928322,84000
Util,84300,0.626634,0.928322
Up,1480,0.633520,0.936839,84300
Util,84600,0.633520,0.936839
Up,1490,0.629436,0.932696,84600
Util,84900,0.629436,0.932696
Up,1500,0.631252,0.934745,84900
Util,85200,0.631252,0.934745
Up,1510,0.631214,0.915142,85200
Util,85500,0.631214,0.915142
Up,1520,0.628313,0.912674,85500
Util,85800,0.628313,0.912674
Up,1530,0.631032,0.917399,85800
Util,86100,0.631032,0.917399
Up,1540,0.640296,0.929316,86100
Util,86400,0.640296,0.929316
Up,1550,0.640075,0.929692,86400
Util,86700,0.640075,0.929692
Up,1560,0.641001,0.929866,86700
Util,87000,0.641001,0.929866
Up,1570,0.638694,0.927651,87000
Util,87300,0.638694,0.927651
Up,1580,0.641224,0.930100,87300
Util,87600,0.641224,0.930100
Up,1590,0.640629,0.929188,87600
Util,87900,0.640629,0.929188
Up,1600,0.640200,0.928387,87900
Util,88200,0.640200,0.928387
Up,1610,0.640610,0.928750,88200
Util,88500,0.640610,0.928750
Up,1620,0.639990,0.928016,88500
Util,88800,0.639990,0.928016
Up,1630,0.639254,0.927292,88800
Util,89100,0.639254,0.927292
Up,1640,0.638168,0.926935,89100
Util,89400,0.638168,0.926935
Up,1650,0.636156,0.923422,89400
Util,89700,0.636156,0.923422
Up,1660,0.638862,0.927610,89700
Util,90000,0.638862,0.927610
Up,1670,0.637006,0.924831,90000
Util,90300,0.637006,0.924831
Up,1680,0.636184,0.923525,90300
Util,90600,0.636184,0.923525
Up,1690,0.642438,0.931229,90600
Util,90900,0.642438,0.931229
Up,1700,0.640857,0.930775,90900
Util,91200,0.640857,0.930775
Up,1710,0.641239,0.930402,91200
Util,91500,0.641239,0.930402
Up,1720,0.645235,0.933520,91500
Util,91800,0.645235,0.933520
Up,1730,0.645078,0.933507,91800
Util,92100,0.645078,0.933507
Up,1740,0.643182,0.932743,92100
Util,92400,0.643182,0.932743
Up,1750,0.641750,0.930711,92400
Util,92700,0.641750,0.930711
Up,1760,0.641150,0.930957,92700
Util,93000,0.641150,0.930957
Up,1770,0.642276,0.932079,93000
Util,93300,0.642276,0.932079
Up,1780,0.625129,0.917573,93300
Util,93600,0.625129,0.917573
Up,1790,0.621712,0.914266,93600
Util,93900,0.621712,0.914266
Up,1800,0.615305,0.908886,93900
Util,94200,0.615305,0.908886
Up,1810,0.618002,0.912407,94200
Util,94500,0.618002,0.912407
Up,1820,0.615325,0.910027,94500
Util,94800,0.615325,0.910027
Up,1830,0.612159,0.906254,94800
Util,95100,0.612159,0.906254
Up,1840,0.610044,0.904583,95100
Util,95400,0.610044,0.904583
Up,1850,0.608544,0.904100,95400
Util,95700,0.608544,0.904100
Up,1860,0.605511,0.902337,95700
Util,96000,0.605511,0.902337
Up,1870,0.598654,0.896149,96000
Util,96300,0.598654,0.896149
Up,1880,0.593234,0.890824,96300
Util,96600,0.593234,0.890824
Up,1890,0.586663,0.886622,96600
Util,96900,0.586663,0.886622
Up,1900,0.588444,0.889627,96900
Util,97200,0.588444,0.889627
Up,1910,0.587122,0.889698,97200
Util,97500,0.587122,0.889698
Up,1920,0.584295,0.886596,97500
Util,97800,0.584295,0.886596
Up,1930,0.583776,0.886228,97800
Util,98100,0.583776,0.886228
Up,1940,0.582287,0.884895,98100
Util,98400,0.582287,0.884895
Up,1950,0.581859,0.884857,98400
Util,98700,0.581859,0.884857
Up,1960,0.580045,0.882140,98700
Util,99000,0.580045,0.882140
Up,1970,0.578539,0.882418,99000
Util,99300,0.578539,0.882418
Up,1980,0.579072,0.883507,99300
Util,99600,0.579072,0.883507
Up,1990,0.588627,0.894326,99600
Util,99900,0.588627,0.894326
Up,2000,0.583390,0.889322,99900
Util,100200,0.583390,0.889322
Up,2010,0.583031,0.888538,100200
Util,100500,0.583031,0.888538
Up,2020,0.582216,0.888535,100500
Util,100800,0.582216,0.888535
Up,2030,0.582729,0.888933,100800
Util,101100,0.582729,0.888933
Up,2040,0.582258,0.887820,101100
Util,101400,0.582258,0.887820
Up,2050,0.581649,0.887974,101400
Util,101700,0.581649,0.887974
Up,2060,0.583115,0.889613,101700
Util,102000,0.583115,0.889613
Up,2070,0.580259,0.886056,102000
Util,102300,0.580259,0.886056
Up,2080,0.581424,0.887442,102300
Util,102600,0.581424,0.887442
Up,2090,0.582245,0.888494,102600
Util,102900,0.582245,0.888494
Up,2100,0.580137,0.886204,102900
Util,103200,0.580137,0.886204
Up,2110,0.581239,0.888157,103200
Util,103500,0.581239,0.888157
Up,2120,0.581147,0.888442,103500
Util,103800,0.581147,0.888442
Up,2130,0.581706,0.888889,103800
Util,104100,0.581706,0.888889
Up,2140,0.580583,0.887855,104100
Util,104400,0.580583,0.887855
Up,2150,0.580137,0.887145,104400
Util,104700,0.580137,0.887145
Up,2160,0.579764,0.886682,104700
Util,105000,0.579764,0.886682
Up,2170,0.580955,0.888586,105000
Util,105300,0.580955,0.888586
Up,2180,0.582195,0.889164,105300
Util,105600,0.582195,0.889164
Up,2190,0.579876,0.887276,105600
Util,105900,0.579876,0.887276
Up,2200,0.581392,0.889151,105900
Util,106200,0.581392,0.889151
Up,2210,0.580321,0.888616,106200
Util,106500,0.580321,0.888616
Up,2220,0.582586,0.892468,106500
Util,106800,0.582586,0.892468
Up,2230,0.580135,0.889474,106800
Util,107100,0.580135,0.889474
Up,2240,0.581851,0.890386,107100
Util,107400,0.581851,0.890386
Up,2250,0.584558,0.894103,107400
Util,107700,0.584558,0.894103
Up,2260,0.584811,0.894208,107700
Util,108000,0.584811,0.894208
Up,2270,0.588286,0.898538,108000
Util,108300,0.588286,0.898538
Up,2280,0.585173,0.896582,108300
Util,108600,0.585173,0.896582
Up,2290,0.585817,0.897503,108600
Util,108900,0.585817,0.897503
Up,2300,0.584951,0.896918,108900
Util,109200,0.584951,0.896918
Up,2310,0.585973,0.898166,109200
Util,109500,0.585973,0.898166
Up,2320,0.587454,0.899367,109500
Util,109800,0.587454,0.899367
Up,2330,0.587543,0.899871,109800
Util,110100,0.587543,0.899871
Up,2340,0.589067,0.901889,110100
Util,110400,0.589067,0.901889
Up,2350,0.588252,0.901246,110400
Util,110700,0.588252,0.901246
Up,2360,0.588163,0.900443,110700
Util,111000,0.588163,0.900443
Up,2370,0.591676,0.905382,111000
Util,111300,0.591676,0.905382
Up,2380,0.589276,0.902447,111300
Util,111600,0.589276,0.902447
Up,2390,0.589048,0.901140,111600
Util,111900,0.589048,0.901140
Up,2400,0.588370,0.901331,111900
Util,112200,0.588370,0.901331
Up,2410,0.588523,0.901258,112200
Util,112500,0.588523,0.901258
Up,2420,0.586582,0.899451,112500
Util,112800,0.586582,0.899451
Up,2430,0.580888,0.896337,112800
Util,113100,0.580888,0.896337
Up,2440,0.580017,0.895752,113100
Util,113400,0.580017,0.895752
Up,2450,0.579769,0.896095,113400
Util,113700,0.579769,0.896095
Up,2460,0.580563,0.897164,113700
Util,114000,0.580563,0.897164
Up,2470,0.580892,0.898224,114000
Util,114300,0.580892,0.898224
Up,2480,0.586894,0.905807,114300
Util,114600,0.586894,0.905807
Up,2490,0.584688,0.903536,114600
Util,114900,0.584688,0.903536
Up,2500,0.581878,0.899785,114900
Util,115200,0.581878,0.899785
Up,2510,0.580615,0.897851,115200
Util,115500,0.580615,0.897851
Up,2520,0.581868,0.898854,115500
Util,115800,0.581868,0.898854
Up,2530,0.581470,0.898139,115800
Util,116100,0.581470,0.898139
Up,2540,0.584144,0.901337,116100
Util,116400,0.584144,0.901337
Up,2550,0.581524,0.898889,116400
Util,116700,0.581524,0.898889
Up,2560,0.582680,0.899670,116700
Util,117000,0.582680,0.899670
Up,2570,0.583480,0.900504,117000
Util,117300,0.583480,0.900504
Up,2580,0.583025,0.900068,117300
Util,117600,0.583025,0.900068
Up,2590,0.582195,0.899769,117600
Util,117900,0.582195,0.899769
Up,2600,0.585955,0.903792,117900
Util,118200,0.585955,0.903792
Up,2610,0.586128,0.904111,118200
Util,118500,0.586128,0.904111
Up,2620,0.585672,0.904005,118500
Util,118800,0.585672,0.904005
Up,2630,0.586692,0.905527,118800
Util,119100,0.586692,0.905527
Up,2640,0.586764,0.900377,119100
Util,119400,0.586764,0.900377
Up,2650,0.588404,0.901538,119400
Util,119700,0.588404,0.901538
Up,2660,0.586428,0.898171,119700
Util,120000,0.586428,0.898171
Up,2670,0.587897,0.900040,120000
Util,120300,0.587897,0.900040
Up,2680,0.588000,0.900324,120300
Util,120600,0.588000,0.900324
Up,2690,0.586731,0.899026,120600
Util,120900,0.586731,0.899026
Up,2700,0.585873,0.897608,120900
Util,121200,0.585873,0.897608
Up,2710,0.586739,0.898412,121200
Util,121500,0.586739,0.898412
Up,2720,0.586560,0.898355,121500
Util,121800,0.586560,0.898355
Up,2730,0.589865,0.902609,121800
Util,122100,0.589865,0.902609
Up,2740,0.587995,0.900447,122100
Util,122400,0.587995,0.900447
Up,2750,0.589450,0.902646,122400
Util,122700,0.589450,0.902646
Up,2760,0.590648,0.904132,122700
Util,123000,0.590648,0.904132
Up,2770,0.590027,0.903583,123000
Util,123300,0.590027,0.903583
Up,2780,0.593375,0.908458,123300
Util,123600,0.593375,0.908458
Up,2790,0.590910,0.905570,123600
Util,123900,0.590910,0.905570
Up,2800,0.589850,0.905003,123900
Util,124200,0.589850,0.905003
Up,2810,0.592236,0.908219,124200
Util,124500,0.592236,0.908219
Up,2820,0.589865,0.905560,124500
Util,124800,0.589865,0.905560
Up,2830,0.590831,0.907021,124800
Util,125100,0.590831,0.907021
Up,2840,0.590757,0.906490,125100
Util,125400,0.590757,0.906490
Up,2850,0.592797,0.909029,125400
Util,125700,0.592797,0.909029
Up,2860,0.594772,0.910588,125700
Util,126000,0.594772,0.910588
Up,2870,0.591181,0.907170,126000
Util,126300,0.591181,0.907170
Up,2880,0.592340,0.909265,126300
Util,126600,0.592340,0.909265
Up,2890,0.592787,0.909726,126600
Util,126900,0.592787,0.909726
Up,2900,0.590190,0.907198,126900
Util,127200,0.590190,0.907198
Up,2910,0.590523,0.907399,127200
Util,127500,0.590523,0.907399
Up,2920,0.588853,0.905519,127500
Util,127800,0.588853,0.905519
Up,2930,0.588590,0.905336,127800
Util,128100,0.588590,0.905336
Up,2940,0.588691,0.905332,128100
Util,128400,0.588691,0.905332
Up,2950,0.591003,0.908852,128400
Util,128700,0.591003,0.908852
Up,2960,0.588402,0.905897,128700
Util,129000,0.588402,0.905897
Up,2970,0.589618,0.907124,129000
Util,129300,0.589618,0.907124
Up,2980,0.588771,0.906291,129300
Util,129600,0.588771,0.906291
Up,2990,0.588757,0.906387,129600
Util,129900,0.588757,0.906387
Up,3000,0.589520,0.906989,129900
Util,130200,0.589520,0.906989
Up,3010,0.590150,0.908099,130200
Util,130500,0.590150,0.908099
Up,3020,0.588633,0.906054,130500
Util,130800,0.588633,0.906054
Up,3030,0.590599,0.908379,130800
Util,131100,0.590599,0.908379
Up,3040,0.588765,0.906645,131100
Util,131400,0.588765,0.906645
Up,3050,0.589898,0.907757,131400
Util,131700,0.589898,0.907757
Up,3060,0.589674,0.907441,131700
Util,132000,0.589674,0.907441
Up,3070,0.591068,0.909240,132000
Util,132300,0.591068,0.909240
Up,3080,0.590773,0.908732,132300
Util,132600,0.590773,0.908732
Up,3090,0.588583,0.901328,132600
Util,132900,0.588583,0.901328
Up,3100,0.587922,0.900657,132900
Util,133200,0.587922,0.900657
Up,3110,0.587536,0.900820,133200
Util,133500,0.587536,0.900820
Up,3120,0.586924,0.899371,133500
Util,133800,0.586924,0.899371
Up,3130,0.586723,0.899202,133800
Util,134100,0.586723,0.899202
Up,3140,0.586889,0.900095,134100
Util,134400,0.586889,0.900095
Up,3150,0.585378,0.897371,134400
Util,134700,0.585378,0.897371
Up,3160,0.580901,0.892819,134700
Util,135000,0.580901,0.892819
Up,3170,0.580466,0.892378,135000
Util,135300,0.580466,0.892378
Up,3180,0.581625,0.893705,135300
Util,135600,0.581625,0.893705
Up,3190,0.580863,0.893154,135600
Util,135900,0.580863,0.893154
Up,3200,0.580810,0.892978,135900
Util,136200,0.580810,0.892978
Up,3210,0.581134,0.892910,136200
Util,136500,0.581134,0.892910
Up,3220,0.580062,0.891957,136500
Util,136800,0.580062,0.891957
Up,3230,0.579872,0.891955,136800
Util,137100,0.579872,0.891955
Up,3240,0.580797,0.893177,137100
Util,137400,0.580797,0.893177
Up,3250,0.581927,0.894660,137400
Util,137700,0.581927,0.894660
Up,3260,0.581494,0.894149,137700
Util,138000,0.581494,0.894149
Up,3270,0.581837,0.894423,138000
Util,138300,0.581837,0.894423
Up,3280,0.582457,0.895449,138300
Util,138600,0.582457,0.895449
Up,3290,0.580840,0.894042,138600
Util,138900,0.580840,0.894042
Up,3300,0.583219,0.896632,138900
Util,139200,0.583219,0.896632
Up,3310,0.584532,0.897736,139200
Util,139500,0.584532,0.897736
Up,3320,0.582124,0.895810,139500
Util,139800,0.582124,0.895810
Up,3330,0.581405,0.894676,139800
Util,140100,0.581405,0.894676
Up,3340,0.582145,0.895376,140100
Util,140400,0.582145,0.895376
Up,3350,0.584482,0.898596,140400
Util,140700,0.584482,0.898596
Up,3360,0.583909,0.897718,140700
Util,141000,0.583909,0.897718
Up,3370,0.582881,0.896507,141000
Util,141300,0.582881,0.896507
Up,3380,0.583289,0.897458,141300
Util,141600,0.583289,0.897458
Up,3390,0.584116,0.897896,141600
Util,141900,0.584116,0.897896
Up,3400,0.582835,0.896728,141900
Util,142200,0.582835,0.896728
Up,3410,0.581912,0.895274,142200
Util,142500,0.581912,0.895274
Up,3420,0.581523,0.894498,142500
Util,142800,0.581523,0.894498
Up,3430,0.582463,0.895398,142800
Util,143100,0.582463,0.895398
Up,3440,0.581536,0.894921,143100
Util,143400,0.581536,0.894921
Up,3450,0.581333,0.894554,143400
Util,143700,0.581333,0.894554
Up,3460,0.581584,0.895486,143700
Util,144000,0.581584,0.895486
Up,3470,0.579640,0.893821,144000
Util,144300,0.579640,0.893821
Up,3480,0.581353,0.895723,144300
Util,144600,0.581353,0.895723
Up,3490,0.582448,0.897437,144600
Util,144900,0.582448,0.897437
Up,3500,0.582244,0.897513,144900
Util,145200,0.582244,0.897513
Up,3510,0.582053,0.897071,145200
Util,145500,0.582053,0.897071
Up,3520,0.581643,0.896966,145500
Util,145800,0.581643,0.896966
Up,3530,0.583056,0.898049,145800
Util,146100,0.583056,0.898049
Up,3540,0.581713,0.896751,146100
Util,146400,0.581713,0.896751
Up,3550,0.584900,0.900139,146400
Util,146700,0.584900,0.900139
Up,3560,0.582671,0.897993,146700
Util,147000,0.582671,0.897993
Up,3570,0.582264,0.897571,147000
Util,147300,0.582264,0.897571
Up,3580,0.584929,0.900997,147300
Util,147600,0.584929,0.900997
Up,3590,0.585024,0.900881,147600
Util,147900,0.585024,0.900881
Up,3600,0.583158,0.898751,147900
Util,148200,0.583158,0.898751
Up,3610,0.583374,0.899347,148200
Util,148500,0.583374,0.899347
Up,3620,0.583956,0.900059,148500
Util,148800,0.583956,0.900059
Up,3630,0.584194,0.900215,148800
Util,149100,0.584194,0.900215
Up,3640,0.585056,0.901445,149100
Util,149400,0.585056,0.901445
Up,3650,0.584633,0.901264,149400
Util,149700,0.584633,0.901264
Up,3660,0.584421,0.901359,149700
Util,150000,0.584421,0.901359
Up,3670,0.583082,0.899927,150000
Util,150300,0.583082,0.899927
Up,3680,0.585601,0.902603,150300
Util,150600,0.585601,0.902603
Up,3690,0.584326,0.901211,150600
Util,150900,0.584326,0.901211
Up,3700,0.584246,0.901289,150900
Util,151200,0.584246,0.901289
Up,3710,0.586715,0.904588,151200
Util,151500,0.586715,0.904588
Up,3720,0.584663,0.902170,151500
Util,151800,0.584663,0.902170
Up,3730,0.586741,0.905047,151800
Util,152100,0.586741,0.905047
Up,3740,0.585929,0.904082,152100
Util,152400,0.585929,0.904082
Up,3750,0.585063,0.902801,152400
Util,152700,0.585063,0.902801
Up,3760,0.585159,0.903811,152700
Util,153000,0.585159,0.903811
Up,3770,0.585621,0.904415,153000
Util,153300,0.585621,0.904415
Up,3780,0.584792,0.904037,153300
Util,153600,0.584792,0.904037
Up,3790,0.589096,0.908858,153600
Util,153900,0.589096,0.908858
Up,3800,0.586783,0.906696,153900
Util,154200,0.586783,0.906696
Up,3810,0.585295,0.905137,154200
Util,154500,0.585295,0.905137
Up,3820,0.585440,0.905654,154500
Util,154800,0.585440,0.905654
Up,3830,0.586769,0.906847,154800
Util,155100,0.586769,0.906847
Up,3840,0.579414,0.896686,155100
Util,155400,0.579414,0.896686
Up,3850,0.581003,0.898459,155400
Util,155700,0.581003,0.898459
Up,3860,0.581563,0.898878,155700
Util,156000,0.581563,0.898878
Up,3870,0.582622,0.900866,156000
Util,156300,0.582622,0.900866
Up,3880,0.581179,0.899532,156300
Util,156600,0.581179,0.899532
Up,3890,0.582020,0.900125,156600
Util,156900,0.582020,0.900125
Up,3900,0.582074,0.900580,156900
Util,157200,0.582074,0.900580
Up,3910,0.583892,0.903218,157200
Util,157500,0.583892,0.903218
Up,3920,0.585981,0.905663,157500
Util,157800,0.585981,0.905663
Up,3930,0.583284,0.902297,157800
Util,158100,0.583284,0.902297
Up,3940,0.583458,0.902379,158100
Util,158400,0.583458,0.902379
Up,3950,0.583564,0.902825,158400
Util,158700,0.583564,0.902825
Up,3960,0.584511,0.904079,158700
Util,159000,0.584511,0.904079
Up,3970,0.583333,0.902632,159000
Util,159300,0.583333,0.902632
Up,3980,0.584887,0.902953,159300
Util,159600,0.584887,0.902953
Up,3990,0.586713,0.905642,159600
Util,159900,0.586713,0.905642
Up,4000,0.584809,0.903671,159900
Util,160200,0.584809,0.903671
Up,4010,0.586655,0.905794,160200
Util,160500,0.586655,0.905794
Up,4020,0.586135,0.905560,160500
Util,160800,0.586135,0.905560
Up,4030,0.584486,0.903535,160800
Util,161100,0.584486,0.903535
Up,4040,0.585853,0.905190,161100
Util,161400,0.585853,0.905190
Up,4050,0.586356,0.906223,161400
Util,161700,0.586356,0.906223
Up,4060,0.586311,0.906601,161700
Util,162000,0.586311,0.906601
Up,4070,0.586004,0.906018,162000
Util,162300,0.586004,0.906018
Up,4080,0.585617,0.905359,162300
Util,162600,0.585617,0.905359
Up,4090,0.586432,0.906412,162600
Util,162900,0.586432,0.906412
Up,4100,0.585597,0.905662,162900
Util,163200,0.585597,0.905662
Up,4110,0.585292,0.905145,163200
Util,163500,0.585292,0.905145
Up,4120,0.585889,0.905983,163500
Util,163800,0.585889,0.905983
Up,4130,0.586178,0.905910,163800
Util,164100,0.586178,0.905910
Up,4140,0.585076,0.904897,164100
Util,164400,0.585076,0.904897
Up,4150,0.584851,0.904636,164400
Util,164700,0.584851,0.904636
Up,4160,0.586484,0.906386,164700
Util,165000,0.586484,0.906386
Up,4170,0.585425,0.905066,165000
Util,165300,0.585425,0.905066
Up,4180,0.584551,0.904675,165300
Util,165600,0.584551,0.904675
Up,4190,0.585653,0.905819,165600
Util,165900,0.585653,0.905819
Up,4200,0.585238,0.905570,165900
Util,166200,0.585238,0.905570
Up,4210,0.585198,0.905344,166200
Util,166500,0.585198,0.905344
Up,4220,0.555756,0.872289,166500
Util,166800,0.555756,0.872289
Up,4230,0.562375,0.880617,166800
Util,167100,0.562375,0.880617
Up,4240,0.557648,0.876193,167100
Util,167400,0.557648,0.876193
Up,4250,0.559384,0.878822,167400
Util,167700,0.559384,0.878822
Up,4260,0.558269,0.877293,167700
Util,168000,0.558269,0.877293
Up,4270,0.559742,0.878866,168000
Util,168300,0.559742,0.878866
Up,4280,0.559123,0.878493,168300
Util,168600,0.559123,0.878493
Up,4290,0.558522,0.877643,168600
Util,168900,0.558522,0.877643
Up,4300,0.558330,0.877519,168900
Util,169200,0.558330,0.877519
Up,4310,0.558375,0.877379,169200
Util,169500,0.558375,0.877379
Up,4320,0.558479,0.877683,169500
Util,169800,0.558479,0.877683
Up,4330,0.559112,0.878565,169800
Util,170100,0.559112,0.878565
Up,4340,0.560847,0.880924,170100
Util,170400,0.560847,0.880924
Up,4350,0.559609,0.879341,170400
Util,170700,0.559609,0.879341
Up,4360,0.561389,0.881026,170700
Util,171000,0.561389,0.881026
Up,4370,0.559458,0.879110,171000
Util,171300,0.559458,0.879110
Up,4380,0.559263,0.878648,171300
Util,171600,0.559263,0.878648
Up,4390,0.558881,0.878452,171600
Util,171900,0.558881,0.878452
Up,4400,0.559611,0.878964,171900
Util,172200,0.559611,0.878964
Up,4410,0.558589,0.878147,172200
Util,172500,0.558589,0.878147
Up,4420,0.559418,0.879711,172500
Util,172800,0.559418,0.879711
Up,4430,0.559067,0.879153,172800
Util,173100,0.559067,0.879153
Up,4440,0.559367,0.879223,173100
Util,173400,0.559367,0.879223
Up,4450,0.558916,0.878827,173400
Util,173700,0.558916,0.878827
Up,4460,0.558239,0.877758,173700
Util,174000,0.558239,0.877758
Up,4470,0.563250,0.883839,174000
Util,174300,0.563250,0.883839
Up,4480,0.561504,0.882447,174300
Util,174600,0.561504,0.882447
Up,4490,0.560662,0.881901,174600
Util,174900,0.560662,0.881901
Up,4500,0.560600,0.881999,174900
Util,175200,0.560600,0.881999
Up,4510,0.559196,0.879889,175200
Util,175500,0.559196,0.879889
Up,4520,0.562308,0.884520,175500
Util,175800,0.562308,0.884520
Up,4530,0.561005,0.883120,175800
Util,176100,0.561005,0.883120
Up,4540,0.560545,0.882766,176100
Util,176400,0.560545,0.882766
Up,4550,0.561089,0.883472,176400
Util,176700,0.561089,0.883472
Up,4560,0.562052,0.884508,176700
Util,177000,0.562052,0.884508
Up,4570,0.561152,0.883619,177000
Util,177300,0.561152,0.883619
Up,4580,0.560567,0.883119,177300
Util,177600,0.560567,0.883119
Up,4590,0.563037,0.885776,177600
Util,177900,0.563037,0.885776
Up,4600,0.562140,0.884977,177900
Util,178200,0.562140,0.884977
Up,4610,0.560476,0.883776,178200
Util,178500,0.560476,0.883776
Up,4620,0.559994,0.883227,178500
Util,178800,0.559994,0.883227
Up,4630,0.562986,0.886774,178800
Util,179100,0.562986,0.886774
Up,4640,0.561038,0.884608,179100
Util,179400,0.561038,0.884608
Up,4650,0.559686,0.883696,179400
Util,179700,0.559686,0.883696
Up,4660,0.563400,0.888186,179700
Util,180000,0.563400,0.888186
Up,4670,0.561975,0.886876,180000
Util,180300,0.561975,0.886876
Up,4680,0.561984,0.887128,180300
Util,180600,0.561984,0.887128
Up,4690,0.562026,0.887781,180600
Util,180900,0.562026,0.887781
Up,4700,0.562053,0.887685,180900
Util,181200,0.562053,0.887685
Up,4710,0.563319,0.889591,181200
Util,181500,0.563319,0.889591
Up,4720,0.561966,0.887802,181500
Util,181800,0.561966,0.887802
Up,4730,0.561910,0.888000,181800
Util,182100,0.561910,0.888000
Up,4740,0.563377,0.889566,182100
Util,182400,0.563377,0.889566
Up,4750,0.562499,0.888701,182400
Util,182700,0.562499,0.888701
Up,4760,0.562991,0.888987,182700
Util,183000,0.562991,0.888987
Up,4770,0.563646,0.889979,183000
Util,183300,0.563646,0.889979
Up,4780,0.562949,0.889176,183300
Util,183600,0.562949,0.889176
Up,4790,0.653317,0.980887,183600
Util,183900,0.653317,0.980887
Up,4800,0.670580,0.969108,183900
Util,184200,0.670580,0.969108
Up,4810,0.581648,0.900747,184200
Util,184500,0.581648,0.900747
Up,4820,0.632159,0.969550,184500
Util,184800,0.632159,0.969550
Up,4830,0.566519,0.891241,184800
Util,185100,0.566519,0.891241
Up,4840,0.583911,0.918520,185100
Util,185400,0.583911,0.918520
Up,4850,0.589040,0.939999,185400
Util,185700,0.589040,0.939999
Up,4860,0.570633,0.906193,185700
Util,186000,0.570633,0.906193
Up,4870,0.626942,0.969859,186000
Util,186300,0.626942,0.969859
Up,4880,0.677848,0.975482,186300
Util,186600,0.677848,0.975482
Up,4890,0.593624,0.961561,186600
Util,186900,0.593624,0.961561
Up,4900,0.617582,0.936766,186900
Util,187200,0.617582,0.936766
Up,4910,0.572751,0.918299,187200
Util,187500,0.572751,0.918299
Up,4920,0.557981,0.892410,187500
Util,187800,0.557981,0.892410
Up,4930,0.567725,0.886677,187800
Util,188100,0.567725,0.886677
Up,4940,0.583591,0.949664,188100
Util,188400,0.583591,0.949664
Up,4950,0.653968,0.974680,188400
Util,188700,0.653968,0.974680
Up,4960,0.566915,0.938902,188700
Util,189000,0.566915,0.938902
Up,4970,0.642294,0.989122,189000
Util,189300,0.642294,0.989122
Up,4980,0.740871,0.957448,189300
Util,189600,0.740871,0.957448
Up,4990,0.679854,0.965079,189600
Util,189900,0.679854,0.965079
Up,5000,0.635740,0.979686,189900
Util,190200,0.635740,0.979686
Up,5010,0.581663,0.920106,190200
Util,190500,0.581663,0.920106
Up,5020,0.689410,0.953100,190500
Util,190800,0.689410,0.953100
Up,5030,0.579136,0.912995,190800
Util,191100,0.579136,0.912995
Up,5040,0.643500,0.969177,191100
Util,191400,0.643500,0.969177
Up,5050,0.588352,0.903376,191400
Util,191700,0.588352,0.903376
Up,5060,0.602882,0.955396,191700
Util,192000,0.602882,0.955396
Up,5070,0.625850,0.960263,192000
Util,192300,0.625850,0.960263
Up,5080,0.607132,0.911546,192300
Util,192600,0.607132,0.911546
Up,5090,0.685662,0.967408,192600
Util,192900,0.685662,0.967408
Up,5100,0.590739,0.922493,192900
Util,193200,0.590739,0.922493
Up,5110,0.666119,0.971895,193200
Util,193500,0.666119,0.971895
Up,5120,0.748665,0.966541,193500
Util,193800,0.748665,0.966541
Up,5130,0.709640,0.976154,193800
Util,194100,0.709640,0.976154
Up,5140,0.668958,0.987614,194100
Util,194400,0.668958,0.987614
Up,5150,0.753791,0.960498,194400
Util,194700,0.753791,0.960498
Up,5160,0.715313,0.977993,194700
Util,195000,0.715313,0.977993
